module.js:550
    throw err;
    ^

Error: Cannot find module 'moment'
    at Function.Module._resolveFilename (module.js:548:15)
    at Function.Module._load (module.js:475:25)
    at Module.require (module.js:597:17)
    at require (internal/module.js:11:18)
    at Object.<anonymous> (/home/student/Group-08/index.js:10:16)
    at Module._compile (module.js:653:30)
    at Object.Module._extensions..js (module.js:664:10)
    at Module.load (module.js:566:32)
    at tryModuleLoad (module.js:506:12)
    at Function.Module._load (module.js:498:3)
error: Forever detected script exited with code: 1
error: Script restart attempt #1
Server running at http://10.10.193.142:10034
Database connected successfully.
error: Forever detected script was killed by signal: SIGKILL
error: Script restart attempt #2
Server running at http://10.10.193.142:10034
Database connected successfully.
check password
error: Forever detected script was killed by signal: SIGKILL
error: Script restart attempt #3
Server running at http://10.10.193.142:10034
Database connected successfully.
check password
Error: Error: read ETIMEDOUT
Error: Error: read ETIMEDOUT
Error: Error: read ETIMEDOUT
/home/student/Group-08/index.js:112
    if (err) throw err;
             ^

Error: Cannot enqueue Query after fatal error.
    at Protocol._validateEnqueue (/home/student/Group-08/node_modules/mysql/lib/protocol/Protocol.js:200:16)
    at Protocol._enqueue (/home/student/Group-08/node_modules/mysql/lib/protocol/Protocol.js:138:13)
    at Connection.query (/home/student/Group-08/node_modules/mysql/lib/Connection.js:200:25)
    at /home/student/Group-08/index.js:111:14
    at Layer.handle [as handle_request] (/home/student/Group-08/node_modules/express/lib/router/layer.js:95:5)
    at next (/home/student/Group-08/node_modules/express/lib/router/route.js:137:13)
    at Route.dispatch (/home/student/Group-08/node_modules/express/lib/router/route.js:112:3)
    at Layer.handle [as handle_request] (/home/student/Group-08/node_modules/express/lib/router/layer.js:95:5)
    at /home/student/Group-08/node_modules/express/lib/router/index.js:281:22
    at Function.process_params (/home/student/Group-08/node_modules/express/lib/router/index.js:335:12)
error: Forever detected script exited with code: 1
error: Script restart attempt #4
Server running at http://10.10.193.142:10034
Database connected successfully.
check password
/home/student/Group-08/index.js:112
    if (err) throw err;
             ^

Error: read ETIMEDOUT
    at TCP.onread (net.js:622:25)
    --------------------
    at Protocol._enqueue (/home/student/Group-08/node_modules/mysql/lib/protocol/Protocol.js:144:48)
    at Connection.query (/home/student/Group-08/node_modules/mysql/lib/Connection.js:200:25)
    at /home/student/Group-08/index.js:111:14
    at Layer.handle [as handle_request] (/home/student/Group-08/node_modules/express/lib/router/layer.js:95:5)
    at next (/home/student/Group-08/node_modules/express/lib/router/route.js:137:13)
    at Route.dispatch (/home/student/Group-08/node_modules/express/lib/router/route.js:112:3)
    at Layer.handle [as handle_request] (/home/student/Group-08/node_modules/express/lib/router/layer.js:95:5)
    at /home/student/Group-08/node_modules/express/lib/router/index.js:281:22
    at Function.process_params (/home/student/Group-08/node_modules/express/lib/router/index.js:335:12)
    at next (/home/student/Group-08/node_modules/express/lib/router/index.js:275:10)
error: Forever detected script exited with code: 1
error: Script restart attempt #5
Server running at http://10.10.193.142:10034
Database connected successfully.
error: Forever detected script was killed by signal: SIGKILL
error: Script restart attempt #6
Server running at http://10.10.193.142:10034
Database connected successfully.
/home/student/Group-08/index.js:112
    if (err) throw err;
             ^

Error: read ETIMEDOUT
    at TCP.onread (net.js:622:25)
    --------------------
    at Protocol._enqueue (/home/student/Group-08/node_modules/mysql/lib/protocol/Protocol.js:144:48)
    at Connection.query (/home/student/Group-08/node_modules/mysql/lib/Connection.js:200:25)
    at /home/student/Group-08/index.js:111:14
    at Layer.handle [as handle_request] (/home/student/Group-08/node_modules/express/lib/router/layer.js:95:5)
    at next (/home/student/Group-08/node_modules/express/lib/router/route.js:137:13)
    at Route.dispatch (/home/student/Group-08/node_modules/express/lib/router/route.js:112:3)
    at Layer.handle [as handle_request] (/home/student/Group-08/node_modules/express/lib/router/layer.js:95:5)
    at /home/student/Group-08/node_modules/express/lib/router/index.js:281:22
    at Function.process_params (/home/student/Group-08/node_modules/express/lib/router/index.js:335:12)
    at next (/home/student/Group-08/node_modules/express/lib/router/index.js:275:10)
error: Forever detected script exited with code: 1
error: Script restart attempt #7
Server running at http://10.10.193.142:10034
Database connected successfully.
error: Forever detected script was killed by signal: SIGKILL
error: Script restart attempt #8
Server running at http://10.10.193.142:10034
Database connected successfully.
error: Forever detected script was killed by signal: SIGKILL
error: Script restart attempt #9
Server running at http://10.10.193.142:10034
Database connected successfully.
Session {
  cookie: 
   { path: '/',
     _expires: null,
     originalMaxAge: null,
     httpOnly: true },
  username: 'TTTT1111',
  name: 'Willie Wonka',
  firstname: 'Willie',
  lastname: 'Wonka',
  postalcode: 'm8m8m7',
  phone: '4164112349',
  email: 'helloworld@mailer.ca' }
Session {
  cookie: 
   { path: '/',
     _expires: null,
     originalMaxAge: null,
     httpOnly: true },
  username: 'TTTT1111',
  name: 'Willie Wonka',
  firstname: 'Willie',
  lastname: 'Wonka',
  postalcode: 'm8m8m7',
  phone: '4164112349',
  email: 'helloworld@mailer.com' }
/home/student/Group-08/index.js:112
    if (err) throw err;
             ^

Error: read ECONNRESET
    at TCP.onread (net.js:622:25)
    --------------------
    at Protocol._enqueue (/home/student/Group-08/node_modules/mysql/lib/protocol/Protocol.js:144:48)
    at Connection.query (/home/student/Group-08/node_modules/mysql/lib/Connection.js:200:25)
    at /home/student/Group-08/index.js:111:14
    at Layer.handle [as handle_request] (/home/student/Group-08/node_modules/express/lib/router/layer.js:95:5)
    at next (/home/student/Group-08/node_modules/express/lib/router/route.js:137:13)
    at Route.dispatch (/home/student/Group-08/node_modules/express/lib/router/route.js:112:3)
    at Layer.handle [as handle_request] (/home/student/Group-08/node_modules/express/lib/router/layer.js:95:5)
    at /home/student/Group-08/node_modules/express/lib/router/index.js:281:22
    at Function.process_params (/home/student/Group-08/node_modules/express/lib/router/index.js:335:12)
    at next (/home/student/Group-08/node_modules/express/lib/router/index.js:275:10)
error: Forever detected script exited with code: 1
error: Script restart attempt #10
Server running at http://10.10.193.142:10034
Database connected successfully.
/home/student/Group-08/index.js:112
    if (err) throw err;
             ^

Error: read ECONNRESET
    at TCP.onread (net.js:622:25)
    --------------------
    at Protocol._enqueue (/home/student/Group-08/node_modules/mysql/lib/protocol/Protocol.js:144:48)
    at Connection.query (/home/student/Group-08/node_modules/mysql/lib/Connection.js:200:25)
    at /home/student/Group-08/index.js:111:14
    at Layer.handle [as handle_request] (/home/student/Group-08/node_modules/express/lib/router/layer.js:95:5)
    at next (/home/student/Group-08/node_modules/express/lib/router/route.js:137:13)
    at Route.dispatch (/home/student/Group-08/node_modules/express/lib/router/route.js:112:3)
    at Layer.handle [as handle_request] (/home/student/Group-08/node_modules/express/lib/router/layer.js:95:5)
    at /home/student/Group-08/node_modules/express/lib/router/index.js:281:22
    at Function.process_params (/home/student/Group-08/node_modules/express/lib/router/index.js:335:12)
    at next (/home/student/Group-08/node_modules/express/lib/router/index.js:275:10)
error: Forever detected script exited with code: 1
error: Script restart attempt #11
Server running at http://10.10.193.142:10034
Database connected successfully.
Error: Error: read ETIMEDOUT
Error: Error: read ETIMEDOUT
Error: Error: read ETIMEDOUT
Error: Error: Cannot enqueue Query after fatal error.
Error: Error: Cannot enqueue Query after fatal error.
Error: Error: Cannot enqueue Query after fatal error.
Error: Error: Cannot enqueue Query after fatal error.
Error: Error: Cannot enqueue Query after fatal error.
Error: Error: Cannot enqueue Query after fatal error.
Error: Error: Cannot enqueue Query after fatal error.
Error: Error: Cannot enqueue Query after fatal error.
Error: Error: Cannot enqueue Query after fatal error.
Error: Error: Cannot enqueue Query after fatal error.
Error: Error: Cannot enqueue Query after fatal error.
/home/student/Group-08/index.js:112
    if (err) throw err;
             ^

Error: Cannot enqueue Query after fatal error.
    at Protocol._validateEnqueue (/home/student/Group-08/node_modules/mysql/lib/protocol/Protocol.js:200:16)
    at Protocol._enqueue (/home/student/Group-08/node_modules/mysql/lib/protocol/Protocol.js:138:13)
    at Connection.query (/home/student/Group-08/node_modules/mysql/lib/Connection.js:200:25)
    at /home/student/Group-08/index.js:111:14
    at Layer.handle [as handle_request] (/home/student/Group-08/node_modules/express/lib/router/layer.js:95:5)
    at next (/home/student/Group-08/node_modules/express/lib/router/route.js:137:13)
    at Route.dispatch (/home/student/Group-08/node_modules/express/lib/router/route.js:112:3)
    at Layer.handle [as handle_request] (/home/student/Group-08/node_modules/express/lib/router/layer.js:95:5)
    at /home/student/Group-08/node_modules/express/lib/router/index.js:281:22
    at Function.process_params (/home/student/Group-08/node_modules/express/lib/router/index.js:335:12)
error: Forever detected script exited with code: 1
error: Script restart attempt #12
Server running at http://10.10.193.142:10034
Database connected successfully.
Session {
  cookie: 
   { path: '/',
     _expires: null,
     originalMaxAge: null,
     httpOnly: true },
  username: 'Abcabc123',
  name: 'Wonki Hwang',
  firstname: 'Wonki',
  lastname: 'Hwang',
  postalcode: 'M8X2W3',
  phone: '6472080601',
  email: 'METEOR_SWARM@HOTMAIL.COM' }
Error: Error: read ECONNRESET
Error: Error: Cannot enqueue Query after fatal error.
Error: Error: Cannot enqueue Query after fatal error.
/home/student/Group-08/index.js:112
    if (err) throw err;
             ^

Error: Cannot enqueue Query after fatal error.
    at Protocol._validateEnqueue (/home/student/Group-08/node_modules/mysql/lib/protocol/Protocol.js:200:16)
    at Protocol._enqueue (/home/student/Group-08/node_modules/mysql/lib/protocol/Protocol.js:138:13)
    at Connection.query (/home/student/Group-08/node_modules/mysql/lib/Connection.js:200:25)
    at /home/student/Group-08/index.js:111:14
    at Layer.handle [as handle_request] (/home/student/Group-08/node_modules/express/lib/router/layer.js:95:5)
    at next (/home/student/Group-08/node_modules/express/lib/router/route.js:137:13)
    at Route.dispatch (/home/student/Group-08/node_modules/express/lib/router/route.js:112:3)
    at Layer.handle [as handle_request] (/home/student/Group-08/node_modules/express/lib/router/layer.js:95:5)
    at /home/student/Group-08/node_modules/express/lib/router/index.js:281:22
    at Function.process_params (/home/student/Group-08/node_modules/express/lib/router/index.js:335:12)
error: Forever detected script exited with code: 1
error: Script restart attempt #13
Server running at http://10.10.193.142:10034
Database connected successfully.
error: Forever detected script was killed by signal: SIGKILL
