/home/student/Group-08/node_modules/express/lib/express.js:110
      throw new Error('Most middleware (like ' + name + ') is no longer bundled with Express and must be installed separately. Please see https://github.com/senchalabs/connect#middleware.');
      ^

Error: Most middleware (like cookieParser) is no longer bundled with Express and must be installed separately. Please see https://github.com/senchalabs/connect#middleware.
    at Function.get (/home/student/Group-08/node_modules/express/lib/express.js:110:13)
    at Object.<anonymous> (/home/student/Group-08/index.js:36:17)
    at Module._compile (module.js:653:30)
    at Object.Module._extensions..js (module.js:664:10)
    at Module.load (module.js:566:32)
    at tryModuleLoad (module.js:506:12)
    at Function.Module._load (module.js:498:3)
    at Function.Module.runMain (module.js:694:10)
    at startup (bootstrap_node.js:204:16)
    at bootstrap_node.js:625:3
error: Forever detected script exited with code: 1
error: Script restart attempt #1
Server running at http://10.10.193.142:10034
Database connected successfully.
error: Forever detected script was killed by signal: SIGKILL
error: Script restart attempt #2
/home/student/Group-08/index.js:38
  key: ‘sid’, // session key
       ^

SyntaxError: Invalid or unexpected token
    at createScript (vm.js:80:10)
    at Object.runInThisContext (vm.js:139:10)
    at Module._compile (module.js:617:28)
    at Object.Module._extensions..js (module.js:664:10)
    at Module.load (module.js:566:32)
    at tryModuleLoad (module.js:506:12)
    at Function.Module._load (module.js:498:3)
    at Function.Module.runMain (module.js:694:10)
    at startup (bootstrap_node.js:204:16)
    at bootstrap_node.js:625:3
error: Forever detected script exited with code: 1
error: Script restart attempt #3
/home/student/Group-08/index.js:38
  key: ‘sid’, // session key
       ^

SyntaxError: Invalid or unexpected token
    at createScript (vm.js:80:10)
    at Object.runInThisContext (vm.js:139:10)
    at Module._compile (module.js:617:28)
    at Object.Module._extensions..js (module.js:664:10)
    at Module.load (module.js:566:32)
    at tryModuleLoad (module.js:506:12)
    at Function.Module._load (module.js:498:3)
    at Function.Module.runMain (module.js:694:10)
    at startup (bootstrap_node.js:204:16)
    at bootstrap_node.js:625:3
error: Forever detected script exited with code: 1
error: Script restart attempt #4
/home/student/Group-08/index.js:38
  key: ‘sid’, // session key
       ^

SyntaxError: Invalid or unexpected token
    at createScript (vm.js:80:10)
    at Object.runInThisContext (vm.js:139:10)
    at Module._compile (module.js:617:28)
    at Object.Module._extensions..js (module.js:664:10)
    at Module.load (module.js:566:32)
    at tryModuleLoad (module.js:506:12)
    at Function.Module._load (module.js:498:3)
    at Function.Module.runMain (module.js:694:10)
    at startup (bootstrap_node.js:204:16)
    at bootstrap_node.js:625:3
error: Forever detected script exited with code: 1
error: Script restart attempt #5
Server running at http://10.10.193.142:10034
Database connected successfully.
error: Forever detected script was killed by signal: SIGKILL
error: Script restart attempt #6
/home/student/Group-08/index.js:40
  key: ‘sid’, // session key
       ^

SyntaxError: Invalid or unexpected token
    at createScript (vm.js:80:10)
    at Object.runInThisContext (vm.js:139:10)
    at Module._compile (module.js:617:28)
    at Object.Module._extensions..js (module.js:664:10)
    at Module.load (module.js:566:32)
    at tryModuleLoad (module.js:506:12)
    at Function.Module._load (module.js:498:3)
    at Function.Module.runMain (module.js:694:10)
    at startup (bootstrap_node.js:204:16)
    at bootstrap_node.js:625:3
error: Forever detected script exited with code: 1
error: Script restart attempt #7
Server running at http://10.10.193.142:10034
Database connected successfully.
error: Forever detected script was killed by signal: SIGKILL
error: Script restart attempt #8
Server running at http://10.10.193.142:10034
Database connected successfully.
error: Forever detected script was killed by signal: SIGKILL
error: Script restart attempt #9
Server running at http://10.10.193.142:10034
Database connected successfully.
error: Forever detected script was killed by signal: SIGKILL
error: Script restart attempt #10
Server running at http://10.10.193.142:10034
Database connected successfully.
undefined
undefined undefined
error: Forever detected script was killed by signal: SIGKILL
error: Script restart attempt #11
Server running at http://10.10.193.142:10034
Database connected successfully.
/home/student/Group-08/node_modules/mysql/lib/protocol/Parser.js:80
        throw err; // Rethrow non-MySQL errors
        ^

TypeError: First argument must be a string or Buffer
    at write_ (_http_outgoing.js:642:11)
    at ServerResponse.write (_http_outgoing.js:617:10)
    at Query.<anonymous> (/home/student/Group-08/index.js:79:8)
    at Query.<anonymous> (/home/student/Group-08/node_modules/mysql/lib/Connection.js:502:10)
    at Query._callback (/home/student/Group-08/node_modules/mysql/lib/Connection.js:468:16)
    at Query.Sequence.end (/home/student/Group-08/node_modules/mysql/lib/protocol/sequences/Sequence.js:83:24)
    at Query._handleFinalResultPacket (/home/student/Group-08/node_modules/mysql/lib/protocol/sequences/Query.js:139:8)
    at Query.EofPacket (/home/student/Group-08/node_modules/mysql/lib/protocol/sequences/Query.js:123:8)
    at Protocol._parsePacket (/home/student/Group-08/node_modules/mysql/lib/protocol/Protocol.js:278:23)
    at Parser.write (/home/student/Group-08/node_modules/mysql/lib/protocol/Parser.js:76:12)
error: Forever detected script exited with code: 1
error: Script restart attempt #12
Server running at http://10.10.193.142:10034
Database connected successfully.
error: Forever detected script was killed by signal: SIGKILL
error: Script restart attempt #13
Server running at http://10.10.193.142:10034
Database connected successfully.
/home/student/Group-08/node_modules/mysql/lib/protocol/Parser.js:80
        throw err; // Rethrow non-MySQL errors
        ^

TypeError: First argument must be a string or Buffer
    at write_ (_http_outgoing.js:642:11)
    at ServerResponse.write (_http_outgoing.js:617:10)
    at Query.<anonymous> (/home/student/Group-08/index.js:79:8)
    at Query.<anonymous> (/home/student/Group-08/node_modules/mysql/lib/Connection.js:502:10)
    at Query._callback (/home/student/Group-08/node_modules/mysql/lib/Connection.js:468:16)
    at Query.Sequence.end (/home/student/Group-08/node_modules/mysql/lib/protocol/sequences/Sequence.js:83:24)
    at Query._handleFinalResultPacket (/home/student/Group-08/node_modules/mysql/lib/protocol/sequences/Query.js:139:8)
    at Query.EofPacket (/home/student/Group-08/node_modules/mysql/lib/protocol/sequences/Query.js:123:8)
    at Protocol._parsePacket (/home/student/Group-08/node_modules/mysql/lib/protocol/Protocol.js:278:23)
    at Parser.write (/home/student/Group-08/node_modules/mysql/lib/protocol/Parser.js:76:12)
error: Forever detected script exited with code: 1
error: Script restart attempt #14
Server running at http://10.10.193.142:10034
Database connected successfully.
error: Forever detected script was killed by signal: SIGKILL
error: Script restart attempt #15
Server running at http://10.10.193.142:10034
Database connected successfully.
undefined
undefined undefined
undefined
undefined undefined
error: Forever detected script was killed by signal: SIGKILL
error: Script restart attempt #16
Server running at http://10.10.193.142:10034
Database connected successfully.
login success
RowDataPacket {
  userId: 5,
  firstName: 'Wonki',
  lastName: 'Hwang',
  userName: 'Abcabc123',
  password: 'iF+Ob67qEI8p+WSPKCcNeQ==',
  emailAddress: 'METEOR_SWARM@HOTMAIL.COM',
  phoneNumber: 6472080601,
  postalCode: 'M9C4W4',
  province: null,
  registrationDate: 2018-10-27T11:08:46.000Z }
undefined
undefined undefined
error: Forever detected script was killed by signal: SIGKILL
error: Script restart attempt #17
Server running at http://10.10.193.142:10034
Database connected successfully.
error: Forever detected script was killed by signal: SIGKILL
error: Script restart attempt #18
Server running at http://10.10.193.142:10034
Database connected successfully.
login success
RowDataPacket {
  userId: 5,
  firstName: 'Wonki',
  lastName: 'Hwang',
  userName: 'Abcabc123',
  password: 'iF+Ob67qEI8p+WSPKCcNeQ==',
  emailAddress: 'METEOR_SWARM@HOTMAIL.COM',
  phoneNumber: 6472080601,
  postalCode: 'M9C4W4',
  province: null,
  registrationDate: 2018-10-27T11:08:46.000Z }
undefined
undefined undefined
error: Forever detected script was killed by signal: SIGKILL
error: Script restart attempt #19
Server running at http://10.10.193.142:10034
Database connected successfully.
login success
RowDataPacket {
  userId: 5,
  firstName: 'Wonki',
  lastName: 'Hwang',
  userName: 'Abcabc123',
  password: 'iF+Ob67qEI8p+WSPKCcNeQ==',
  emailAddress: 'METEOR_SWARM@HOTMAIL.COM',
  phoneNumber: 6472080601,
  postalCode: 'M9C4W4',
  province: null,
  registrationDate: 2018-10-27T11:08:46.000Z }
undefined
undefined undefined
/home/student/Group-08/node_modules/mysql/lib/protocol/Parser.js:80
        throw err; // Rethrow non-MySQL errors
        ^

TypeError: First argument must be a string or Buffer
    at write_ (_http_outgoing.js:642:11)
    at ServerResponse.write (_http_outgoing.js:617:10)
    at Query.<anonymous> (/home/student/Group-08/index.js:83:8)
    at Query.<anonymous> (/home/student/Group-08/node_modules/mysql/lib/Connection.js:502:10)
    at Query._callback (/home/student/Group-08/node_modules/mysql/lib/Connection.js:468:16)
    at Query.Sequence.end (/home/student/Group-08/node_modules/mysql/lib/protocol/sequences/Sequence.js:83:24)
    at Query._handleFinalResultPacket (/home/student/Group-08/node_modules/mysql/lib/protocol/sequences/Query.js:139:8)
    at Query.EofPacket (/home/student/Group-08/node_modules/mysql/lib/protocol/sequences/Query.js:123:8)
    at Protocol._parsePacket (/home/student/Group-08/node_modules/mysql/lib/protocol/Protocol.js:278:23)
    at Parser.write (/home/student/Group-08/node_modules/mysql/lib/protocol/Parser.js:76:12)
error: Forever detected script exited with code: 1
error: Script restart attempt #20
Server running at http://10.10.193.142:10034
Database connected successfully.
error: Forever detected script was killed by signal: SIGKILL
error: Script restart attempt #21
Server running at http://10.10.193.142:10034
Database connected successfully.
check password
login success
RowDataPacket {
  userId: 5,
  firstName: 'Wonki',
  lastName: 'Hwang',
  userName: 'Abcabc123',
  password: 'iF+Ob67qEI8p+WSPKCcNeQ==',
  emailAddress: 'METEOR_SWARM@HOTMAIL.COM',
  phoneNumber: 6472080601,
  postalCode: 'M9C4W4',
  province: null,
  registrationDate: 2018-10-27T11:08:46.000Z }
undefined
undefined undefined
/home/student/Group-08/node_modules/mysql/lib/protocol/Parser.js:80
        throw err; // Rethrow non-MySQL errors
        ^

TypeError: First argument must be a string or Buffer
    at write_ (_http_outgoing.js:642:11)
    at ServerResponse.write (_http_outgoing.js:617:10)
    at Query.<anonymous> (/home/student/Group-08/index.js:84:8)
    at Query.<anonymous> (/home/student/Group-08/node_modules/mysql/lib/Connection.js:502:10)
    at Query._callback (/home/student/Group-08/node_modules/mysql/lib/Connection.js:468:16)
    at Query.Sequence.end (/home/student/Group-08/node_modules/mysql/lib/protocol/sequences/Sequence.js:83:24)
    at Query._handleFinalResultPacket (/home/student/Group-08/node_modules/mysql/lib/protocol/sequences/Query.js:139:8)
    at Query.EofPacket (/home/student/Group-08/node_modules/mysql/lib/protocol/sequences/Query.js:123:8)
    at Protocol._parsePacket (/home/student/Group-08/node_modules/mysql/lib/protocol/Protocol.js:278:23)
    at Parser.write (/home/student/Group-08/node_modules/mysql/lib/protocol/Parser.js:76:12)
error: Forever detected script exited with code: 1
error: Script restart attempt #22
Server running at http://10.10.193.142:10034
Database connected successfully.
error: Forever detected script was killed by signal: SIGKILL
error: Script restart attempt #23
Server running at http://10.10.193.142:10034
Database connected successfully.
check password
error: Forever detected script was killed by signal: SIGKILL
error: Script restart attempt #24
Server running at http://10.10.193.142:10034
Database connected successfully.
check password
error: Forever detected script was killed by signal: SIGKILL
error: Script restart attempt #25
Server running at http://10.10.193.142:10034
Database connected successfully.
check password
/home/student/Group-08/node_modules/mysql/lib/protocol/Parser.js:80
        throw err; // Rethrow non-MySQL errors
        ^

TypeError: First argument must be a string or Buffer
    at write_ (_http_outgoing.js:642:11)
    at ServerResponse.write (_http_outgoing.js:617:10)
    at Query.<anonymous> (/home/student/Group-08/index.js:78:8)
    at Query.<anonymous> (/home/student/Group-08/node_modules/mysql/lib/Connection.js:502:10)
    at Query._callback (/home/student/Group-08/node_modules/mysql/lib/Connection.js:468:16)
    at Query.Sequence.end (/home/student/Group-08/node_modules/mysql/lib/protocol/sequences/Sequence.js:83:24)
    at Query._handleFinalResultPacket (/home/student/Group-08/node_modules/mysql/lib/protocol/sequences/Query.js:139:8)
    at Query.EofPacket (/home/student/Group-08/node_modules/mysql/lib/protocol/sequences/Query.js:123:8)
    at Protocol._parsePacket (/home/student/Group-08/node_modules/mysql/lib/protocol/Protocol.js:278:23)
    at Parser.write (/home/student/Group-08/node_modules/mysql/lib/protocol/Parser.js:76:12)
error: Forever detected script exited with code: 1
error: Script restart attempt #26
Server running at http://10.10.193.142:10034
Database connected successfully.
error: Forever detected script was killed by signal: SIGKILL
error: Script restart attempt #27
Server running at http://10.10.193.142:10034
Database connected successfully.
error: Forever detected script was killed by signal: SIGKILL
error: Script restart attempt #28
Server running at http://10.10.193.142:10034
Database connected successfully.
check password
error: Forever detected script was killed by signal: SIGKILL
error: Script restart attempt #29
Server running at http://10.10.193.142:10034
Database connected successfully.
check password
error: Forever detected script was killed by signal: SIGKILL
error: Script restart attempt #30
Server running at http://10.10.193.142:10034
Database connected successfully.
check password
error: Forever detected script was killed by signal: SIGKILL
error: Script restart attempt #31
Server running at http://10.10.193.142:10034
Database connected successfully.
error: Forever detected script was killed by signal: SIGKILL
error: Script restart attempt #32
Server running at http://10.10.193.142:10034
Database connected successfully.
check password
error: Forever detected script was killed by signal: SIGKILL
error: Script restart attempt #33
Server running at http://10.10.193.142:10034
Database connected successfully.
check password
/home/student/Group-08/node_modules/mysql/lib/protocol/Parser.js:80
        throw err; // Rethrow non-MySQL errors
        ^

Error: Can't set headers after they are sent.
    at validateHeader (_http_outgoing.js:491:11)
    at ServerResponse.setHeader (_http_outgoing.js:498:3)
    at ServerResponse.header (/home/student/Group-08/node_modules/express/lib/response.js:767:10)
    at ServerResponse.location (/home/student/Group-08/node_modules/express/lib/response.js:884:15)
    at ServerResponse.redirect (/home/student/Group-08/node_modules/express/lib/response.js:922:18)
    at Query.<anonymous> (/home/student/Group-08/index.js:82:8)
    at Query.<anonymous> (/home/student/Group-08/node_modules/mysql/lib/Connection.js:502:10)
    at Query._callback (/home/student/Group-08/node_modules/mysql/lib/Connection.js:468:16)
    at Query.Sequence.end (/home/student/Group-08/node_modules/mysql/lib/protocol/sequences/Sequence.js:83:24)
    at Query._handleFinalResultPacket (/home/student/Group-08/node_modules/mysql/lib/protocol/sequences/Query.js:139:8)
error: Forever detected script exited with code: 1
error: Script restart attempt #34
Server running at http://10.10.193.142:10034
Database connected successfully.
error: Forever detected script was killed by signal: SIGKILL
error: Script restart attempt #35
Server running at http://10.10.193.142:10034
Database connected successfully.
check password
/home/student/Group-08/node_modules/mysql/lib/protocol/Parser.js:80
        throw err; // Rethrow non-MySQL errors
        ^

Error: Can't set headers after they are sent.
    at validateHeader (_http_outgoing.js:491:11)
    at ServerResponse.setHeader (_http_outgoing.js:498:3)
    at ServerResponse.header (/home/student/Group-08/node_modules/express/lib/response.js:767:10)
    at ServerResponse.location (/home/student/Group-08/node_modules/express/lib/response.js:884:15)
    at ServerResponse.redirect (/home/student/Group-08/node_modules/express/lib/response.js:922:18)
    at Query.<anonymous> (/home/student/Group-08/index.js:84:8)
    at Query.<anonymous> (/home/student/Group-08/node_modules/mysql/lib/Connection.js:502:10)
    at Query._callback (/home/student/Group-08/node_modules/mysql/lib/Connection.js:468:16)
    at Query.Sequence.end (/home/student/Group-08/node_modules/mysql/lib/protocol/sequences/Sequence.js:83:24)
    at Query._handleFinalResultPacket (/home/student/Group-08/node_modules/mysql/lib/protocol/sequences/Query.js:139:8)
error: Forever detected script exited with code: 1
error: Script restart attempt #36
Server running at http://10.10.193.142:10034
Database connected successfully.
error: Forever detected script was killed by signal: SIGKILL
error: Script restart attempt #37
Server running at http://10.10.193.142:10034
Database connected successfully.
check password
/home/student/Group-08/node_modules/mysql/lib/protocol/Parser.js:80
        throw err; // Rethrow non-MySQL errors
        ^

Error: Can't set headers after they are sent.
    at validateHeader (_http_outgoing.js:491:11)
    at ServerResponse.setHeader (_http_outgoing.js:498:3)
    at ServerResponse.header (/home/student/Group-08/node_modules/express/lib/response.js:767:10)
    at ServerResponse.location (/home/student/Group-08/node_modules/express/lib/response.js:884:15)
    at ServerResponse.redirect (/home/student/Group-08/node_modules/express/lib/response.js:922:18)
    at Query.<anonymous> (/home/student/Group-08/index.js:82:8)
    at Query.<anonymous> (/home/student/Group-08/node_modules/mysql/lib/Connection.js:502:10)
    at Query._callback (/home/student/Group-08/node_modules/mysql/lib/Connection.js:468:16)
    at Query.Sequence.end (/home/student/Group-08/node_modules/mysql/lib/protocol/sequences/Sequence.js:83:24)
    at Query._handleFinalResultPacket (/home/student/Group-08/node_modules/mysql/lib/protocol/sequences/Query.js:139:8)
error: Forever detected script exited with code: 1
error: Script restart attempt #38
Server running at http://10.10.193.142:10034
Database connected successfully.
error: Forever detected script was killed by signal: SIGKILL
error: Script restart attempt #39
Server running at http://10.10.193.142:10034
Database connected successfully.
check password
Abcabc123
Wonki Hwang
error: Forever detected script was killed by signal: SIGKILL
error: Script restart attempt #40
Server running at http://10.10.193.142:10034
Database connected successfully.
check password
Abcabc123
Wonki Hwang
error: Forever detected script was killed by signal: SIGKILL
error: Script restart attempt #41
Server running at http://10.10.193.142:10034
Database connected successfully.
check password
check password
error: Forever detected script was killed by signal: SIGKILL
error: Script restart attempt #42
Server running at http://10.10.193.142:10034
Database connected successfully.
check password
error: Forever detected script was killed by signal: SIGKILL
error: Script restart attempt #43
Server running at http://10.10.193.142:10034
Database connected successfully.
check password
error: Forever detected script was killed by signal: SIGKILL
error: Script restart attempt #44
Server running at http://10.10.193.142:10034
Database connected successfully.
error: Forever detected script was killed by signal: SIGKILL
error: Script restart attempt #45
Server running at http://10.10.193.142:10034
Database connected successfully.
check password
check password
error: Forever detected script was killed by signal: SIGKILL
error: Script restart attempt #46
Server running at http://10.10.193.142:10034
Database connected successfully.
check password
error: Forever detected script was killed by signal: SIGKILL
error: Script restart attempt #47
Server running at http://10.10.193.142:10034
Database connected successfully.
error: Forever detected script was killed by signal: SIGKILL
error: Script restart attempt #48
Server running at http://10.10.193.142:10034
Database connected successfully.
check password
check password
check password
check password
error: Forever detected script was killed by signal: SIGKILL
error: Script restart attempt #49
Server running at http://10.10.193.142:10034
Database connected successfully.
error: Forever detected script was killed by signal: SIGKILL
error: Script restart attempt #50
Server running at http://10.10.193.142:10034
Database connected successfully.
/home/student/Group-08/node_modules/mysql/lib/protocol/Parser.js:80
        throw err; // Rethrow non-MySQL errors
        ^

ReferenceError: alert is not defined
    at Query.<anonymous> (/home/student/Group-08/index.js:75:5)
    at Query.<anonymous> (/home/student/Group-08/node_modules/mysql/lib/Connection.js:502:10)
    at Query._callback (/home/student/Group-08/node_modules/mysql/lib/Connection.js:468:16)
    at Query.Sequence.end (/home/student/Group-08/node_modules/mysql/lib/protocol/sequences/Sequence.js:83:24)
    at Query._handleFinalResultPacket (/home/student/Group-08/node_modules/mysql/lib/protocol/sequences/Query.js:139:8)
    at Query.OkPacket (/home/student/Group-08/node_modules/mysql/lib/protocol/sequences/Query.js:72:10)
    at Protocol._parsePacket (/home/student/Group-08/node_modules/mysql/lib/protocol/Protocol.js:278:23)
    at Parser.write (/home/student/Group-08/node_modules/mysql/lib/protocol/Parser.js:76:12)
    at Protocol.write (/home/student/Group-08/node_modules/mysql/lib/protocol/Protocol.js:38:16)
    at Socket.<anonymous> (/home/student/Group-08/node_modules/mysql/lib/Connection.js:91:28)
error: Forever detected script exited with code: 1
error: Script restart attempt #51
Server running at http://10.10.193.142:10034
Database connected successfully.
error: Forever detected script was killed by signal: SIGKILL
error: Script restart attempt #52
Server running at http://10.10.193.142:10034
Database connected successfully.
/home/student/Group-08/node_modules/mysql/lib/protocol/Parser.js:80
        throw err; // Rethrow non-MySQL errors
        ^

ReferenceError: alert is not defined
    at Query.<anonymous> (/home/student/Group-08/index.js:75:5)
    at Query.<anonymous> (/home/student/Group-08/node_modules/mysql/lib/Connection.js:502:10)
    at Query._callback (/home/student/Group-08/node_modules/mysql/lib/Connection.js:468:16)
    at Query.Sequence.end (/home/student/Group-08/node_modules/mysql/lib/protocol/sequences/Sequence.js:83:24)
    at Query._handleFinalResultPacket (/home/student/Group-08/node_modules/mysql/lib/protocol/sequences/Query.js:139:8)
    at Query.OkPacket (/home/student/Group-08/node_modules/mysql/lib/protocol/sequences/Query.js:72:10)
    at Protocol._parsePacket (/home/student/Group-08/node_modules/mysql/lib/protocol/Protocol.js:278:23)
    at Parser.write (/home/student/Group-08/node_modules/mysql/lib/protocol/Parser.js:76:12)
    at Protocol.write (/home/student/Group-08/node_modules/mysql/lib/protocol/Protocol.js:38:16)
    at Socket.<anonymous> (/home/student/Group-08/node_modules/mysql/lib/Connection.js:91:28)
error: Forever detected script exited with code: 1
error: Script restart attempt #53
Server running at http://10.10.193.142:10034
Database connected successfully.
error: Forever detected script was killed by signal: SIGKILL
error: Script restart attempt #54
Server running at http://10.10.193.142:10034
Database connected successfully.
check password
check password
error: Forever detected script was killed by signal: SIGKILL
error: Script restart attempt #55
Server running at http://10.10.193.142:10034
Database connected successfully.
TypeError: Cannot create property 'mailer' on string 'SMTP'
    at new Mail (/home/student/Group-08/node_modules/nodemailer/lib/mailer/index.js:45:33)
    at Object.module.exports.createTransport (/home/student/Group-08/node_modules/nodemailer/lib/nodemailer.js:58:14)
    at /home/student/Group-08/index.js:122:27
    at Layer.handle [as handle_request] (/home/student/Group-08/node_modules/express/lib/router/layer.js:95:5)
    at next (/home/student/Group-08/node_modules/express/lib/router/route.js:137:13)
    at Route.dispatch (/home/student/Group-08/node_modules/express/lib/router/route.js:112:3)
    at Layer.handle [as handle_request] (/home/student/Group-08/node_modules/express/lib/router/layer.js:95:5)
    at /home/student/Group-08/node_modules/express/lib/router/index.js:281:22
    at Function.process_params (/home/student/Group-08/node_modules/express/lib/router/index.js:335:12)
    at next (/home/student/Group-08/node_modules/express/lib/router/index.js:275:10)
error: Forever detected script was killed by signal: SIGKILL
error: Script restart attempt #56
Server running at http://10.10.193.142:10034
Database connected successfully.
error: Forever detected script was killed by signal: SIGKILL
error: Script restart attempt #57
Server running at http://10.10.193.142:10034
Database connected successfully.
error: Forever detected script was killed by signal: SIGKILL
error: Script restart attempt #58
Server running at http://10.10.193.142:10034
Database connected successfully.
TypeError: Cannot create property 'mailer' on string 'SMTP'
    at new Mail (/home/student/Group-08/node_modules/nodemailer/lib/mailer/index.js:45:33)
    at Object.module.exports.createTransport (/home/student/Group-08/node_modules/nodemailer/lib/nodemailer.js:58:14)
    at /home/student/Group-08/index.js:121:32
    at Layer.handle [as handle_request] (/home/student/Group-08/node_modules/express/lib/router/layer.js:95:5)
    at next (/home/student/Group-08/node_modules/express/lib/router/route.js:137:13)
    at Route.dispatch (/home/student/Group-08/node_modules/express/lib/router/route.js:112:3)
    at Layer.handle [as handle_request] (/home/student/Group-08/node_modules/express/lib/router/layer.js:95:5)
    at /home/student/Group-08/node_modules/express/lib/router/index.js:281:22
    at Function.process_params (/home/student/Group-08/node_modules/express/lib/router/index.js:335:12)
    at next (/home/student/Group-08/node_modules/express/lib/router/index.js:275:10)
error: Forever detected script was killed by signal: SIGKILL
error: Script restart attempt #59
Server running at http://10.10.193.142:10034
Database connected successfully.
error: Forever detected script was killed by signal: SIGKILL
error: Script restart attempt #60
Server running at http://10.10.193.142:10034
Database connected successfully.
error: Forever detected script was killed by signal: SIGKILL
error: Script restart attempt #61
Server running at http://10.10.193.142:10034
Database connected successfully.
error: Forever detected script was killed by signal: SIGKILL
error: Script restart attempt #62
Server running at http://10.10.193.142:10034
Database connected successfully.
error: Forever detected script was killed by signal: SIGKILL
error: Script restart attempt #63
Server running at http://10.10.193.142:10034
Database connected successfully.
error: Forever detected script was killed by signal: SIGKILL
error: Script restart attempt #64
Server running at http://10.10.193.142:10034
Database connected successfully.
error: Forever detected script was killed by signal: SIGKILL
error: Script restart attempt #65
Server running at http://10.10.193.142:10034
Database connected successfully.
Error: Error: read ETIMEDOUT
error: Forever detected script was killed by signal: SIGKILL
error: Script restart attempt #66
Server running at http://10.10.193.142:10034
Database connected successfully.
Post Item is clicked!!!
Sali inseretd 1 record inserted
Post Item is clicked!!!
/home/student/Group-08/node_modules/mysql/lib/protocol/Parser.js:80
        throw err; // Rethrow non-MySQL errors
        ^

Error: ER_DUP_ENTRY: Duplicate entry '7' for key 1
    at Query.Sequence._packetToError (/home/student/Group-08/node_modules/mysql/lib/protocol/sequences/Sequence.js:47:14)
    at Query.ErrorPacket (/home/student/Group-08/node_modules/mysql/lib/protocol/sequences/Query.js:77:18)
    at Protocol._parsePacket (/home/student/Group-08/node_modules/mysql/lib/protocol/Protocol.js:278:23)
    at Parser.write (/home/student/Group-08/node_modules/mysql/lib/protocol/Parser.js:76:12)
    at Protocol.write (/home/student/Group-08/node_modules/mysql/lib/protocol/Protocol.js:38:16)
    at Socket.<anonymous> (/home/student/Group-08/node_modules/mysql/lib/Connection.js:91:28)
    at Socket.<anonymous> (/home/student/Group-08/node_modules/mysql/lib/Connection.js:502:10)
    at emitOne (events.js:116:13)
    at Socket.emit (events.js:211:7)
    at addChunk (_stream_readable.js:263:12)
    --------------------
    at Protocol._enqueue (/home/student/Group-08/node_modules/mysql/lib/protocol/Protocol.js:144:48)
    at Connection.query (/home/student/Group-08/node_modules/mysql/lib/Connection.js:200:25)
    at /home/student/Group-08/index.js:156:13
    at Layer.handle [as handle_request] (/home/student/Group-08/node_modules/express/lib/router/layer.js:95:5)
    at next (/home/student/Group-08/node_modules/express/lib/router/route.js:137:13)
    at Route.dispatch (/home/student/Group-08/node_modules/express/lib/router/route.js:112:3)
    at Layer.handle [as handle_request] (/home/student/Group-08/node_modules/express/lib/router/layer.js:95:5)
    at /home/student/Group-08/node_modules/express/lib/router/index.js:281:22
    at Function.process_params (/home/student/Group-08/node_modules/express/lib/router/index.js:335:12)
    at next (/home/student/Group-08/node_modules/express/lib/router/index.js:275:10)
error: Forever detected script exited with code: 1
error: Script restart attempt #67
Server running at http://10.10.193.142:10034
Database connected successfully.
Post Item is clicked!!!
/home/student/Group-08/node_modules/mysql/lib/protocol/Parser.js:80
        throw err; // Rethrow non-MySQL errors
        ^

Error: ER_DUP_ENTRY: Duplicate entry '7' for key 1
    at Query.Sequence._packetToError (/home/student/Group-08/node_modules/mysql/lib/protocol/sequences/Sequence.js:47:14)
    at Query.ErrorPacket (/home/student/Group-08/node_modules/mysql/lib/protocol/sequences/Query.js:77:18)
    at Protocol._parsePacket (/home/student/Group-08/node_modules/mysql/lib/protocol/Protocol.js:278:23)
    at Parser.write (/home/student/Group-08/node_modules/mysql/lib/protocol/Parser.js:76:12)
    at Protocol.write (/home/student/Group-08/node_modules/mysql/lib/protocol/Protocol.js:38:16)
    at Socket.<anonymous> (/home/student/Group-08/node_modules/mysql/lib/Connection.js:91:28)
    at Socket.<anonymous> (/home/student/Group-08/node_modules/mysql/lib/Connection.js:502:10)
    at emitOne (events.js:116:13)
    at Socket.emit (events.js:211:7)
    at addChunk (_stream_readable.js:263:12)
    --------------------
    at Protocol._enqueue (/home/student/Group-08/node_modules/mysql/lib/protocol/Protocol.js:144:48)
    at Connection.query (/home/student/Group-08/node_modules/mysql/lib/Connection.js:200:25)
    at /home/student/Group-08/index.js:156:13
    at Layer.handle [as handle_request] (/home/student/Group-08/node_modules/express/lib/router/layer.js:95:5)
    at next (/home/student/Group-08/node_modules/express/lib/router/route.js:137:13)
    at Route.dispatch (/home/student/Group-08/node_modules/express/lib/router/route.js:112:3)
    at Layer.handle [as handle_request] (/home/student/Group-08/node_modules/express/lib/router/layer.js:95:5)
    at /home/student/Group-08/node_modules/express/lib/router/index.js:281:22
    at Function.process_params (/home/student/Group-08/node_modules/express/lib/router/index.js:335:12)
    at next (/home/student/Group-08/node_modules/express/lib/router/index.js:275:10)
error: Forever detected script exited with code: 1
error: Script restart attempt #68
Server running at http://10.10.193.142:10034
Database connected successfully.
