Server running at http://10.10.193.142:10034
Database connected successfully.
check password
error: Forever detected script was killed by signal: SIGKILL
error: Script restart attempt #1
Server running at http://10.10.193.142:10034
Database connected successfully.
Post Item is clicked!!!
error: Forever detected script was killed by signal: SIGKILL
error: Script restart attempt #2
Server running at http://10.10.193.142:10034
Database connected successfully.
Post Item is clicked!!!
Post Item is clicked!!!
Post Item is clicked!!!
Post Item is clicked!!!
Post Item is clicked!!!
Post Item is clicked!!!
Post Item is clicked!!!
Post Item is clicked!!!
Post Item is clicked!!!
Post Item is clicked!!!
Post Item is clicked!!!
