Error: Cannot enqueue Query after fatal error.
    at Protocol._validateEnqueue (/home/student/Group-08/node_modules/mysql/lib/protocol/Protocol.js:200:16)
    at Protocol._enqueue (/home/student/Group-08/node_modules/mysql/lib/protocol/Protocol.js:138:13)
    at Connection.query (/home/student/Group-08/node_modules/mysql/lib/Connection.js:200:25)
    at /home/student/Group-08/index.js:114:14
    at Layer.handle [as handle_request] (/home/student/Group-08/node_modules/express/lib/router/layer.js:95:5)
    at next (/home/student/Group-08/node_modules/express/lib/router/route.js:137:13)
    at Route.dispatch (/home/student/Group-08/node_modules/express/lib/router/route.js:112:3)
    at Layer.handle [as handle_request] (/home/student/Group-08/node_modules/express/lib/router/layer.js:95:5)
    at /home/student/Group-08/node_modules/express/lib/router/index.js:281:22
    at Function.process_params (/home/student/Group-08/node_modules/express/lib/router/index.js:335:12)
Error: read ECONNRESET
    at TCP.onread (net.js:622:25)
    --------------------
    at Protocol._enqueue (/home/student/Group-08/node_modules/mysql/lib/protocol/Protocol.js:144:48)
    at Connection.query (/home/student/Group-08/node_modules/mysql/lib/Connection.js:200:25)
    at /home/student/Group-08/index.js:131:14
    at Layer.handle [as handle_request] (/home/student/Group-08/node_modules/express/lib/router/layer.js:95:5)
    at next (/home/student/Group-08/node_modules/express/lib/router/route.js:137:13)
    at Route.dispatch (/home/student/Group-08/node_modules/express/lib/router/route.js:112:3)
    at Layer.handle [as handle_request] (/home/student/Group-08/node_modules/express/lib/router/layer.js:95:5)
    at /home/student/Group-08/node_modules/express/lib/router/index.js:281:22
    at Function.process_params (/home/student/Group-08/node_modules/express/lib/router/index.js:335:12)
    at next (/home/student/Group-08/node_modules/express/lib/router/index.js:275:10)
Error: read ECONNRESET
    at TCP.onread (net.js:622:25)
    --------------------
    at Protocol._enqueue (/home/student/Group-08/node_modules/mysql/lib/protocol/Protocol.js:144:48)
    at Connection.query (/home/student/Group-08/node_modules/mysql/lib/Connection.js:200:25)
    at /home/student/Group-08/index.js:131:14
    at Layer.handle [as handle_request] (/home/student/Group-08/node_modules/express/lib/router/layer.js:95:5)
    at next (/home/student/Group-08/node_modules/express/lib/router/route.js:137:13)
    at Route.dispatch (/home/student/Group-08/node_modules/express/lib/router/route.js:112:3)
    at Layer.handle [as handle_request] (/home/student/Group-08/node_modules/express/lib/router/layer.js:95:5)
    at /home/student/Group-08/node_modules/express/lib/router/index.js:281:22
    at Function.process_params (/home/student/Group-08/node_modules/express/lib/router/index.js:335:12)
    at next (/home/student/Group-08/node_modules/express/lib/router/index.js:275:10)
Error: Cannot enqueue Query after fatal error.
    at Protocol._validateEnqueue (/home/student/Group-08/node_modules/mysql/lib/protocol/Protocol.js:200:16)
    at Protocol._enqueue (/home/student/Group-08/node_modules/mysql/lib/protocol/Protocol.js:138:13)
    at Connection.query (/home/student/Group-08/node_modules/mysql/lib/Connection.js:200:25)
    at /home/student/Group-08/index.js:131:14
    at Layer.handle [as handle_request] (/home/student/Group-08/node_modules/express/lib/router/layer.js:95:5)
    at next (/home/student/Group-08/node_modules/express/lib/router/route.js:137:13)
    at Route.dispatch (/home/student/Group-08/node_modules/express/lib/router/route.js:112:3)
    at Layer.handle [as handle_request] (/home/student/Group-08/node_modules/express/lib/router/layer.js:95:5)
    at /home/student/Group-08/node_modules/express/lib/router/index.js:281:22
    at Function.process_params (/home/student/Group-08/node_modules/express/lib/router/index.js:335:12)
Error: Cannot enqueue Query after fatal error.
    at Protocol._validateEnqueue (/home/student/Group-08/node_modules/mysql/lib/protocol/Protocol.js:200:16)
    at Protocol._enqueue (/home/student/Group-08/node_modules/mysql/lib/protocol/Protocol.js:138:13)
    at Connection.query (/home/student/Group-08/node_modules/mysql/lib/Connection.js:200:25)
    at /home/student/Group-08/index.js:131:14
    at Layer.handle [as handle_request] (/home/student/Group-08/node_modules/express/lib/router/layer.js:95:5)
    at next (/home/student/Group-08/node_modules/express/lib/router/route.js:137:13)
    at Route.dispatch (/home/student/Group-08/node_modules/express/lib/router/route.js:112:3)
    at Layer.handle [as handle_request] (/home/student/Group-08/node_modules/express/lib/router/layer.js:95:5)
    at /home/student/Group-08/node_modules/express/lib/router/index.js:281:22
    at Function.process_params (/home/student/Group-08/node_modules/express/lib/router/index.js:335:12)
Error: read ECONNRESET
    at TCP.onread (net.js:622:25)
    --------------------
    at Protocol._enqueue (/home/student/Group-08/node_modules/mysql/lib/protocol/Protocol.js:144:48)
    at Connection.query (/home/student/Group-08/node_modules/mysql/lib/Connection.js:200:25)
    at /home/student/Group-08/index.js:131:14
    at Layer.handle [as handle_request] (/home/student/Group-08/node_modules/express/lib/router/layer.js:95:5)
    at next (/home/student/Group-08/node_modules/express/lib/router/route.js:137:13)
    at Route.dispatch (/home/student/Group-08/node_modules/express/lib/router/route.js:112:3)
    at Layer.handle [as handle_request] (/home/student/Group-08/node_modules/express/lib/router/layer.js:95:5)
    at /home/student/Group-08/node_modules/express/lib/router/index.js:281:22
    at Function.process_params (/home/student/Group-08/node_modules/express/lib/router/index.js:335:12)
    at next (/home/student/Group-08/node_modules/express/lib/router/index.js:275:10)
Error: read ETIMEDOUT
    at TCP.onread (net.js:622:25)
    --------------------
    at Protocol._enqueue (/home/student/Group-08/node_modules/mysql/lib/protocol/Protocol.js:144:48)
    at Connection.query (/home/student/Group-08/node_modules/mysql/lib/Connection.js:200:25)
    at /home/student/Group-08/index.js:137:14
    at Layer.handle [as handle_request] (/home/student/Group-08/node_modules/express/lib/router/layer.js:95:5)
    at next (/home/student/Group-08/node_modules/express/lib/router/route.js:137:13)
    at Route.dispatch (/home/student/Group-08/node_modules/express/lib/router/route.js:112:3)
    at Layer.handle [as handle_request] (/home/student/Group-08/node_modules/express/lib/router/layer.js:95:5)
    at /home/student/Group-08/node_modules/express/lib/router/index.js:281:22
    at Function.process_params (/home/student/Group-08/node_modules/express/lib/router/index.js:335:12)
    at next (/home/student/Group-08/node_modules/express/lib/router/index.js:275:10)
