2018-11-06T02:40:02: PM2 log: ===============================================================================
2018-11-06T02:40:02: PM2 log: --- New PM2 Daemon started ----------------------------------------------------
2018-11-06T02:40:02: PM2 log: Time                 : Tue Nov 06 2018 02:40:02 GMT+0000 (UTC)
2018-11-06T02:40:02: PM2 log: PM2 version          : 3.2.2
2018-11-06T02:40:02: PM2 log: Node.js version      : 8.12.0
2018-11-06T02:40:02: PM2 log: Current arch         : x64
2018-11-06T02:40:02: PM2 log: PM2 home             : /home/student/.pm2
2018-11-06T02:40:02: PM2 log: PM2 PID file         : /home/student/.pm2/pm2.pid
2018-11-06T02:40:02: PM2 log: RPC socket file      : /home/student/.pm2/rpc.sock
2018-11-06T02:40:02: PM2 log: BUS socket file      : /home/student/.pm2/pub.sock
2018-11-06T02:40:02: PM2 log: Application log path : /home/student/.pm2/logs
2018-11-06T02:40:02: PM2 log: Process dump file    : /home/student/.pm2/dump.pm2
2018-11-06T02:40:02: PM2 log: Concurrent actions   : 2
2018-11-06T02:40:02: PM2 log: SIGTERM timeout      : 1600
2018-11-06T02:40:02: PM2 log: ===============================================================================
2018-11-06T02:40:02: PM2 log: App [index:0] starting in -fork mode-
2018-11-06T02:40:02: PM2 log: App [index:0] online
2018-11-06T02:58:39: PM2 log: App [index:0] exited with code [1] via signal [SIGINT]
2018-11-06T02:58:39: PM2 log: App [index:0] starting in -fork mode-
2018-11-06T02:58:39: PM2 log: App [index:0] online
2018-11-06T03:32:58: PM2 log: Stopping app:index id:0
2018-11-06T03:32:58: PM2 log: App [index:0] exited with code [0] via signal [SIGINT]
2018-11-06T03:32:58: PM2 log: pid=6044 msg=process killed
2018-11-06T03:32:58: PM2 log: App [index:0] starting in -fork mode-
2018-11-06T03:32:58: PM2 log: App [index:0] online
2018-11-06T03:54:43: PM2 log: App [index:0] exited with code [1] via signal [SIGINT]
2018-11-06T03:54:43: PM2 log: App [index:0] starting in -fork mode-
2018-11-06T03:54:43: PM2 log: App [index:0] online
2018-11-06T04:52:22: PM2 log: App [index:0] exited with code [1] via signal [SIGINT]
2018-11-06T04:52:22: PM2 log: App [index:0] starting in -fork mode-
2018-11-06T04:52:22: PM2 log: App [index:0] online
2018-11-06T05:26:52: PM2 log: App [index:0] exited with code [1] via signal [SIGINT]
2018-11-06T05:26:52: PM2 log: App [index:0] starting in -fork mode-
2018-11-06T05:26:52: PM2 log: App [index:0] online
2018-11-06T05:27:38: PM2 log: Stopping app:index id:0
2018-11-06T05:27:38: PM2 log: App [index:0] exited with code [0] via signal [SIGINT]
2018-11-06T05:27:38: PM2 log: pid=7075 msg=process killed
2018-11-06T05:27:38: PM2 log: App [index:0] starting in -fork mode-
2018-11-06T05:27:38: PM2 log: App [index:0] online
