0 info it worked if it ends with ok
1 verbose cli [ '/usr/bin/node', '/usr/bin/npm', 'install', 'mysql' ]
2 info using npm@6.4.1
3 info using node@v8.12.0
4 verbose npm-session 62b634fec1eddb63
5 silly install loadCurrentTree
6 silly install readLocalPackageData
7 http fetch GET 200 https://registry.npmjs.org/mysql 140ms
8 silly pacote tag manifest for mysql@latest fetched in 169ms
9 timing stage:loadCurrentTree Completed in 517ms
10 silly install loadIdealTree
11 silly install cloneCurrentTreeToIdealTree
12 timing stage:loadIdealTree:cloneCurrentTree Completed in 0ms
13 silly install loadShrinkwrap
14 timing stage:loadIdealTree:loadShrinkwrap Completed in 0ms
15 silly install loadAllDepsIntoIdealTree
16 silly resolveWithNewModule mysql@2.16.0 checking installable status
17 http fetch GET 200 https://registry.npmjs.org/bignumber.js 52ms
18 http fetch GET 200 https://registry.npmjs.org/safe-buffer 54ms
19 http fetch GET 200 https://registry.npmjs.org/readable-stream 57ms
20 silly pacote version manifest for bignumber.js@4.1.0 fetched in 79ms
21 silly resolveWithNewModule bignumber.js@4.1.0 checking installable status
22 silly pacote version manifest for safe-buffer@5.1.2 fetched in 82ms
23 silly resolveWithNewModule safe-buffer@5.1.2 checking installable status
24 silly pacote version manifest for readable-stream@2.3.6 fetched in 85ms
25 silly resolveWithNewModule readable-stream@2.3.6 checking installable status
26 http fetch GET 200 https://registry.npmjs.org/sqlstring 86ms
27 silly pacote version manifest for sqlstring@2.3.1 fetched in 103ms
28 silly resolveWithNewModule sqlstring@2.3.1 checking installable status
29 http fetch GET 200 https://registry.npmjs.org/isarray 50ms
30 http fetch GET 200 https://registry.npmjs.org/inherits 54ms
31 http fetch GET 200 https://registry.npmjs.org/process-nextick-args 54ms
32 http fetch GET 200 https://registry.npmjs.org/core-util-is 60ms
33 http fetch GET 200 https://registry.npmjs.org/string_decoder 59ms
34 http fetch GET 200 https://registry.npmjs.org/util-deprecate 59ms
35 silly pacote range manifest for isarray@~1.0.0 fetched in 73ms
36 silly resolveWithNewModule isarray@1.0.0 checking installable status
37 silly pacote range manifest for inherits@~2.0.3 fetched in 75ms
38 silly resolveWithNewModule inherits@2.0.3 checking installable status
39 silly pacote range manifest for process-nextick-args@~2.0.0 fetched in 76ms
40 silly resolveWithNewModule process-nextick-args@2.0.0 checking installable status
41 silly pacote range manifest for core-util-is@~1.0.0 fetched in 80ms
42 silly resolveWithNewModule core-util-is@1.0.2 checking installable status
43 silly pacote range manifest for string_decoder@~1.1.1 fetched in 78ms
44 silly resolveWithNewModule string_decoder@1.1.1 checking installable status
45 silly pacote range manifest for util-deprecate@~1.0.1 fetched in 78ms
46 silly resolveWithNewModule util-deprecate@1.0.2 checking installable status
47 timing stage:loadIdealTree:loadAllDepsIntoIdealTree Completed in 225ms
48 timing stage:loadIdealTree Completed in 240ms
49 silly currentTree Group-08
50 silly idealTree Group-08
50 silly idealTree ├── bignumber.js@4.1.0
50 silly idealTree ├── core-util-is@1.0.2
50 silly idealTree ├── inherits@2.0.3
50 silly idealTree ├── isarray@1.0.0
50 silly idealTree ├── mysql@2.16.0
50 silly idealTree ├── process-nextick-args@2.0.0
50 silly idealTree ├── readable-stream@2.3.6
50 silly idealTree ├── safe-buffer@5.1.2
50 silly idealTree ├── sqlstring@2.3.1
50 silly idealTree ├── string_decoder@1.1.1
50 silly idealTree └── util-deprecate@1.0.2
51 silly install generateActionsToTake
52 warn checkPermissions Missing write access to /home/student/Group-08
53 timing stage:rollbackFailedOptional Completed in 1ms
54 timing stage:runTopLevelLifecycles Completed in 777ms
55 silly saveTree Group-08
55 silly saveTree └─┬ mysql@2.16.0
55 silly saveTree   ├── bignumber.js@4.1.0
55 silly saveTree   ├─┬ readable-stream@2.3.6
55 silly saveTree   │ ├── core-util-is@1.0.2
55 silly saveTree   │ ├── inherits@2.0.3
55 silly saveTree   │ ├── isarray@1.0.0
55 silly saveTree   │ ├── process-nextick-args@2.0.0
55 silly saveTree   │ ├── safe-buffer@5.1.2
55 silly saveTree   │ ├── string_decoder@1.1.1
55 silly saveTree   │ └── util-deprecate@1.0.2
55 silly saveTree   ├── safe-buffer@5.1.2
55 silly saveTree   └── sqlstring@2.3.1
56 warn enoent ENOENT: no such file or directory, open '/home/student/Group-08/package.json'
57 verbose enoent This is related to npm not being able to find a file.
58 warn Group-08 No description
59 warn Group-08 No repository field.
60 warn Group-08 No README data
61 warn Group-08 No license field.
62 verbose stack Error: EACCES: permission denied, access '/home/student/Group-08'
63 verbose cwd /home/student/Group-08
64 verbose Linux 4.15.0-33-generic
65 verbose argv "/usr/bin/node" "/usr/bin/npm" "install" "mysql"
66 verbose node v8.12.0
67 verbose npm  v6.4.1
68 error path /home/student/Group-08
69 error code EACCES
70 error errno -13
71 error syscall access
72 error Error: EACCES: permission denied, access '/home/student/Group-08'
72 error  { Error: EACCES: permission denied, access '/home/student/Group-08'
72 error   stack: 'Error: EACCES: permission denied, access \'/home/student/Group-08\'',
72 error   errno: -13,
72 error   code: 'EACCES',
72 error   syscall: 'access',
72 error   path: '/home/student/Group-08' }
73 error The operation was rejected by your operating system.
73 error It is likely you do not have the permissions to access this file as the current user
73 error
73 error If you believe this might be a permissions issue, please double-check the
73 error permissions of the file and its containing directories, or try running
73 error the command again as root/Administrator (though this is not recommended).
74 verbose exit [ -13, true ]
